{"D:\\CEDT\\SWEngLab\\cedt-se-project-kodjenggg\\backend\\api_test\\reviewsController.js": {"path":"D:\\CEDT\\SWEngLab\\cedt-se-project-kodjenggg\\backend\\api_test\\reviewsController.js","statementMap":{"0":{"start":{"line":1,"column":18},"end":{"line":1,"column":36}},"1":{"start":{"line":2,"column":15},"end":{"line":2,"column":45}},"2":{"start":{"line":3,"column":14},"end":{"line":3,"column":43}},"3":{"start":{"line":5,"column":0},"end":{"line":25,"column":3}},"4":{"start":{"line":6,"column":4},"end":{"line":24,"column":5}},"5":{"start":{"line":7,"column":20},"end":{"line":7,"column":58}},"6":{"start":{"line":8,"column":6},"end":{"line":13,"column":7}},"7":{"start":{"line":9,"column":8},"end":{"line":12,"column":11}},"8":{"start":{"line":15,"column":6},"end":{"line":15,"column":34}},"9":{"start":{"line":16,"column":6},"end":{"line":16,"column":28}},"10":{"start":{"line":18,"column":21},"end":{"line":18,"column":50}},"11":{"start":{"line":19,"column":6},"end":{"line":19,"column":56}},"12":{"start":{"line":22,"column":6},"end":{"line":22,"column":33}},"13":{"start":{"line":23,"column":6},"end":{"line":23,"column":72}},"14":{"start":{"line":27,"column":2},"end":{"line":40,"column":4}},"15":{"start":{"line":28,"column":4},"end":{"line":39,"column":5}},"16":{"start":{"line":29,"column":20},"end":{"line":29,"column":55}},"17":{"start":{"line":31,"column":6},"end":{"line":33,"column":7}},"18":{"start":{"line":32,"column":8},"end":{"line":32,"column":56}},"19":{"start":{"line":35,"column":6},"end":{"line":35,"column":30}},"20":{"start":{"line":36,"column":6},"end":{"line":36,"column":56}},"21":{"start":{"line":38,"column":6},"end":{"line":38,"column":47}}},"fnMap":{"0":{"name":"(anonymous_0)","decl":{"start":{"line":5,"column":20},"end":{"line":5,"column":21}},"loc":{"start":{"line":5,"column":44},"end":{"line":25,"column":3}},"line":5},"1":{"name":"(anonymous_1)","decl":{"start":{"line":27,"column":24},"end":{"line":27,"column":25}},"loc":{"start":{"line":27,"column":50},"end":{"line":40,"column":3}},"line":27}},"branchMap":{"0":{"loc":{"start":{"line":8,"column":6},"end":{"line":13,"column":7}},"type":"if","locations":[{"start":{"line":8,"column":6},"end":{"line":13,"column":7}},{"start":{},"end":{}}],"line":8},"1":{"loc":{"start":{"line":31,"column":6},"end":{"line":33,"column":7}},"type":"if","locations":[{"start":{"line":31,"column":6},"end":{"line":33,"column":7}},{"start":{},"end":{}}],"line":31}},"s":{"0":1,"1":1,"2":1,"3":1,"4":0,"5":0,"6":0,"7":0,"8":0,"9":0,"10":0,"11":0,"12":0,"13":0,"14":1,"15":0,"16":0,"17":0,"18":0,"19":0,"20":0,"21":0},"f":{"0":0,"1":0},"b":{"0":[0,0],"1":[0,0]},"_coverageSchema":"1a1c01bbd47fc00a2c39e90264f33305004495a9","hash":"9614cdfa368ae11ca2407f00d51f4c03d18e80a9"}
,"D:\\CEDT\\SWEngLab\\cedt-se-project-kodjenggg\\backend\\models\\Hotel.js": {"path":"D:\\CEDT\\SWEngLab\\cedt-se-project-kodjenggg\\backend\\models\\Hotel.js","statementMap":{"0":{"start":{"line":1,"column":17},"end":{"line":1,"column":36}},"1":{"start":{"line":3,"column":20},"end":{"line":55,"column":1}},"2":{"start":{"line":58,"column":0},"end":{"line":62,"column":3}},"3":{"start":{"line":59,"column":2},"end":{"line":59,"column":66}},"4":{"start":{"line":60,"column":2},"end":{"line":60,"column":64}},"5":{"start":{"line":61,"column":2},"end":{"line":61,"column":9}},"6":{"start":{"line":65,"column":0},"end":{"line":70,"column":3}},"7":{"start":{"line":72,"column":0},"end":{"line":72,"column":54}}},"fnMap":{"0":{"name":"(anonymous_0)","decl":{"start":{"line":58,"column":62},"end":{"line":58,"column":63}},"loc":{"start":{"line":58,"column":82},"end":{"line":62,"column":1}},"line":58}},"branchMap":{},"s":{"0":1,"1":1,"2":1,"3":0,"4":0,"5":0,"6":1,"7":1},"f":{"0":0},"b":{},"_coverageSchema":"1a1c01bbd47fc00a2c39e90264f33305004495a9","hash":"053cba3640b4fe535d14380f879dbbb391c5aaee"}
,"D:\\CEDT\\SWEngLab\\cedt-se-project-kodjenggg\\backend\\models\\Reservation.js": {"path":"D:\\CEDT\\SWEngLab\\cedt-se-project-kodjenggg\\backend\\models\\Reservation.js","statementMap":{"0":{"start":{"line":1,"column":17},"end":{"line":1,"column":36}},"1":{"start":{"line":2,"column":13},"end":{"line":2,"column":33}},"2":{"start":{"line":4,"column":26},"end":{"line":44,"column":2}},"3":{"start":{"line":46,"column":0},"end":{"line":46,"column":66}}},"fnMap":{},"branchMap":{},"s":{"0":1,"1":1,"2":1,"3":1},"f":{},"b":{},"_coverageSchema":"1a1c01bbd47fc00a2c39e90264f33305004495a9","hash":"c91e625dbda1be956df233e03a00289fd51ff935"}
,"D:\\CEDT\\SWEngLab\\cedt-se-project-kodjenggg\\backend\\models\\Review.js": {"path":"D:\\CEDT\\SWEngLab\\cedt-se-project-kodjenggg\\backend\\models\\Review.js","statementMap":{"0":{"start":{"line":1,"column":17},"end":{"line":1,"column":36}},"1":{"start":{"line":3,"column":21},"end":{"line":62,"column":2}},"2":{"start":{"line":64,"column":0},"end":{"line":64,"column":56}}},"fnMap":{},"branchMap":{},"s":{"0":1,"1":1,"2":1},"f":{},"b":{},"_coverageSchema":"1a1c01bbd47fc00a2c39e90264f33305004495a9","hash":"21c3584b96f567005f1781fe90ed40a7fa0835b3"}
}
