TN:
SF:api_test\reviewsController2.js
FN:5,(anonymous_0)
FN:26,(anonymous_1)
FNF:2
FNH:2
FNDA:4,(anonymous_0)
FNDA:3,(anonymous_1)
DA:1,1
DA:2,1
DA:3,1
DA:5,1
DA:7,4
DA:8,4
DA:12,3
DA:13,1
DA:16,2
DA:17,1
DA:19,1
DA:21,1
DA:22,1
DA:26,1
DA:27,3
DA:28,3
DA:30,2
DA:31,1
DA:34,1
DA:35,1
DA:37,1
LF:21
LH:21
BRDA:12,0,0,1
BRDA:12,0,1,2
BRDA:16,1,0,1
BRDA:16,1,1,1
BRDA:16,2,0,2
BRDA:16,2,1,1
BRDA:30,3,0,1
BRDA:30,3,1,1
BRF:8
BRH:8
end_of_record
TN:
SF:models\Hotel.js
FN:58,(anonymous_0)
FNF:1
FNH:1
FNDA:1,(anonymous_0)
DA:1,1
DA:3,1
DA:58,1
DA:59,1
DA:60,1
DA:61,1
DA:65,1
DA:72,1
LF:8
LH:8
BRF:0
BRH:0
end_of_record
TN:
SF:models\Reservation.js
FNF:0
FNH:0
DA:1,1
DA:2,1
DA:4,1
DA:46,1
LF:4
LH:4
BRF:0
BRH:0
end_of_record
TN:
SF:models\Review.js
FNF:0
FNH:0
DA:1,1
DA:3,1
DA:64,1
LF:3
LH:3
BRF:0
BRH:0
end_of_record
